<?xml version="1.0" encoding="UTF-8"?>
<!-- Generated by org.testng.reporters.JUnitReportReporter -->
<testsuite hostname="LAPTOP-ANBA6IRE" name="utils.DP" tests="1" failures="0" timestamp="27 Jan 2020 16:42:27 GMT" time="3.311" errors="0">
  <testcase name="getData" time="3.311" classname="utils.DP"/>
</testsuite> <!-- utils.DP -->
