<?xml version="1.0" encoding="UTF-8"?>
<!-- Generated by org.testng.reporters.JUnitReportReporter -->
<testsuite hostname="LAPTOP-ANBA6IRE" name="testcases.TC002" tests="3" failures="0" timestamp="5 Feb 2020 10:03:26 GMT" time="255.509" errors="0">
  <testcase name="Accommodations" time="80.193" classname="testcases.TC002"/>
  <testcase name="Accommodations" time="92.485" classname="testcases.TC002"/>
  <testcase name="Accommodations" time="82.831" classname="testcases.TC002"/>
</testsuite> <!-- testcases.TC002 -->
