<?xml version="1.0" encoding="UTF-8"?>
<!-- Generated by org.testng.reporters.JUnitReportReporter -->
<testsuite hostname="LAPTOP-ANBA6IRE" name="testcases.TC003" tests="3" failures="0" timestamp="5 Feb 2020 10:07:41 GMT" time="218.160" errors="0">
  <testcase name="NationalVotersServicesPortal" time="75.396" classname="testcases.TC003"/>
  <testcase name="NationalVotersServicesPortal" time="73.749" classname="testcases.TC003"/>
  <testcase name="NationalVotersServicesPortal" time="69.015" classname="testcases.TC003"/>
</testsuite> <!-- testcases.TC003 -->
