<?xml version="1.0" encoding="UTF-8"?>
<!-- Generated by org.testng.reporters.JUnitReportReporter -->
<testsuite hostname="LAPTOP-ANBA6IRE" name="testcases.TC10" tests="3" failures="0" timestamp="17 Feb 2020 10:33:29 GMT" time="346.481" errors="0">
  <testcase name="Formc" time="104.213" classname="testcases.TC10"/>
  <testcase name="Formc" time="151.247" classname="testcases.TC10"/>
  <testcase name="Formc" time="91.021" classname="testcases.TC10"/>
</testsuite> <!-- testcases.TC10 -->
