<?xml version="1.0" encoding="UTF-8"?>
<!-- Generated by org.testng.reporters.JUnitReportReporter -->
<testsuite hostname="LAPTOP-ANBA6IRE" name="testcases.TC006" tests="3" failures="0" timestamp="1 Feb 2020 14:23:43 GMT" time="475.976" errors="0">
  <testcase name="BookHotels" time="158.793" classname="testcases.TC006"/>
  <testcase name="BookHotels" time="158.737" classname="testcases.TC006"/>
  <testcase name="BookHotels" time="158.446" classname="testcases.TC006"/>
</testsuite> <!-- testcases.TC006 -->
