<?xml version="1.0" encoding="UTF-8"?>
<!-- Generated by org.testng.reporters.JUnitReportReporter -->
<testsuite hostname="LAPTOP-ANBA6IRE" name="testcases.TC008" tests="3" failures="0" timestamp="1 Feb 2020 14:52:36 GMT" time="484.831" errors="0">
  <testcase name="BookHotels2" time="164.371" classname="testcases.TC008"/>
  <testcase name="BookHotels2" time="159.485" classname="testcases.TC008"/>
  <testcase name="BookHotels2" time="160.975" classname="testcases.TC008"/>
</testsuite> <!-- testcases.TC008 -->
