<?xml version="1.0" encoding="UTF-8"?>
<!-- Generated by org.testng.reporters.JUnitReportReporter -->
<testsuite hostname="LAPTOP-ANBA6IRE" name="testcases.TC005" tests="3" failures="0" timestamp="5 Feb 2020 13:58:35 GMT" time="173.365" errors="0">
  <testcase name="AccommodationsGSTValidation" time="58.512" classname="testcases.TC005"/>
  <testcase name="AccommodationsGSTValidation" time="57.730" classname="testcases.TC005"/>
  <testcase name="AccommodationsGSTValidation" time="57.123" classname="testcases.TC005"/>
</testsuite> <!-- testcases.TC005 -->
