<?xml version="1.0" encoding="UTF-8"?>
<!-- Generated by org.testng.reporters.JUnitReportReporter -->
<testsuite hostname="LAPTOP-ANBA6IRE" name="testcases.TC009" tests="3" failures="0" timestamp="17 Feb 2020 14:03:36 GMT" time="113.825" errors="0">
  <testcase name="Bookmobile" time="36.019" classname="testcases.TC009"/>
  <testcase name="Bookmobile" time="40.756" classname="testcases.TC009"/>
  <testcase name="Bookmobile" time="37.050" classname="testcases.TC009"/>
</testsuite> <!-- testcases.TC009 -->
