<?xml version="1.0" encoding="UTF-8"?>
<!-- Generated by org.testng.reporters.JUnitReportReporter -->
<testsuite hostname="LAPTOP-ANBA6IRE" name="testcases.TC007" tests="3" failures="0" timestamp="1 Feb 2020 14:43:27 GMT" time="353.871" errors="0">
  <testcase name="BookHotels" time="118.677" classname="testcases.TC007"/>
  <testcase name="BookHotels" time="122.981" classname="testcases.TC007"/>
  <testcase name="BookHotels" time="112.213" classname="testcases.TC007"/>
</testsuite> <!-- testcases.TC007 -->
